<?xml version="1.0" encoding="UTF-8"?>
<!-- Generated by org.testng.reporters.JUnitReportReporter -->
<testsuite hostname="Nikhil" failures="0" tests="1" name="pK_2.NewTest" time="6.292" errors="0" timestamp="2025-03-08T10:07:26 IST" skipped="0">
  <testcase classname="pK_2.NewTest" name="Login" time="6.292"/>
  <system-out/>
</testsuite> <!-- pK_2.NewTest -->
