<?xml version="1.0" encoding="UTF-8"?>
<!-- Generated by org.testng.reporters.JUnitReportReporter -->
<testsuite hostname="Nikhil" failures="0" tests="1" name="pK_2.workflow" time="49.324" errors="0" timestamp="2025-04-05T13:41:12 IST" skipped="0">
  <testcase classname="pK_2.workflow" name="f" time="49.324"/>
  <system-out/>
</testsuite> <!-- pK_2.workflow -->
